2026-06-23 23:45:56.735019 ==============================================================================
2026-06-23 23:45:56.788289 Tests
2026-06-23 23:45:56.788391 ==============================================================================
2026-06-23 23:45:56.788480 Tests.Api
2026-06-23 23:45:56.790914 ==============================================================================
2026-06-23 23:45:57.591387 Tests.Api.TC-API-01
2026-06-23 23:45:57.648941 ==============================================================================
2026-06-23 23:45:57.649025 Loading environment
2026-06-23 23:45:57.652507 Fetching active accounts
2026-06-23 23:45:57.671969 Creating API session
2026-06-23 23:45:57.673628 Getting customer accounts
2026-06-23 23:45:58.608474 I:\CAPSTONE\.venv\Lib\site-packages\urllib3\connectionpool.py:1110: InsecureRequestWarning: Unverified HTTPS request is being made to host 'parabank.parasoft.com'. Adding certificate verification is strongly advised. See: https://urllib3.readthedocs.io/en/latest/advanced-usage.html#tls-warnings
2026-06-23 23:45:58.672821 TC_API_01 :: Verify GET customer accounts list                        Getting customer accounts
2026-06-23 23:45:58.672821   warnings.warn(
2026-06-23 23:45:59.043268 I:\CAPSTONE\.venv\Lib\site-packages\urllib3\connectionpool.py:1110: InsecureRequestWarning: Unverified HTTPS request is being made to host 'parabank.parasoft.com'. Adding certificate verification is strongly advised. See: https://urllib3.readthedocs.io/en/latest/advanced-usage.html#tls-warnings
2026-06-23 23:45:59.106862 Checking response status
2026-06-23 23:45:59.106862   warnings.warn(
2026-06-23 23:45:59.110963 [{'id': 12345, 'customerId': 12212, 'type': 'CHECKING', 'balance': -2600.0}, {'id': 12456, 'customerId': 12212, 'type': 'CHECKING', 'balance': 101000679.45}, {'id': 12567, 'customerId': 12212, 'type': 'CHECKING', 'balance': 100.0}, {'id': 12678, 'customerId': 12212, 'type': 'SAVINGS', 'balance': -100.0}, {'id': 12789, 'customerId': 12212, 'type': 'CHECKING', 'balance': 100.0}, {'id': 12900, 'customerId': 12212, 'type': 'CHECKING', 'balance': 0.0}, {'id': 13011, 'customerId': 12212, 'type': 'CHECKING', 'balance': 100.0}, {'id': 13122, 'customerId': 12212, 'type': 'CHECKING', 'balance': 1100.0}, {'id': 13233, 'customerId': 12212, 'type': 'CHECKING', 'balance': 100.0}, {'id': 13344, 'customerId': 12212, 'type': 'SAVINGS', 'balance': -100999537.9}, {'id': 16230, 'customerId': 12212, 'type': 'SAVINGS', 'balance': 100.0}, {'id': 16341, 'customerId': 12212, 'type': 'CHECKING', 'balance': 100.0}, {'id': 16452, 'customerId': 12212, 'type': 'SAVINGS', 'balance': 100.0}, {'id': 16563, 'customerId': 12212, 'type': 'CHECKING', 'balance': 100.0}, {'id': 54321, 'customerId': 12212, 'type': 'CHECKING', 'balance': 1351.12}]
2026-06-23 23:45:59.123182 | PASS |
2026-06-23 23:45:59.136321 ------------------------------------------------------------------------------
2026-06-23 23:45:59.136372 Tests.Api.TC-API-01                                                   | PASS |
2026-06-23 23:45:59.136404 1 test, 1 passed, 0 failed
2026-06-23 23:45:59.136435 ==============================================================================
2026-06-23 23:45:59.136467 Tests.Api                                                             | PASS |
2026-06-23 23:45:59.149086 1 test, 1 passed, 0 failed
2026-06-23 23:45:59.149135 ==============================================================================
2026-06-23 23:45:59.149167 Tests                                                                 | PASS |
2026-06-23 23:45:59.149196 1 test, 1 passed, 0 failed
2026-06-23 23:45:59.149223 ==============================================================================
2026-06-23 23:45:59.149250 Output:  I:\CAPSTONE\reports\pabot_results\0\output.xml
