2026-06-23 23:46:04.027769 ==============================================================================
2026-06-23 23:46:04.070575 Tests
2026-06-23 23:46:04.070668 ==============================================================================
2026-06-23 23:46:04.070739 Tests.Ui
2026-06-23 23:46:04.073675 ==============================================================================
2026-06-23 23:46:04.947032 Tests.Ui.TC-AC-UI-02
2026-06-23 23:46:04.965317 ==============================================================================
2026-06-23 23:46:04.965402 Loading environment
2026-06-23 23:46:04.970859 Fetching active accounts
2026-06-23 23:46:05.002714 Creating API session
2026-06-23 23:46:05.004131 Getting customer accounts
2026-06-23 23:46:05.382993 I:\CAPSTONE\.venv\Lib\site-packages\urllib3\connectionpool.py:1110: InsecureRequestWarning: Unverified HTTPS request is being made to host 'parabank.parasoft.com'. Adding certificate verification is strongly advised. See: https://urllib3.readthedocs.io/en/latest/advanced-usage.html#tls-warnings
2026-06-23 23:46:05.447697 TC-AC-UI-02 :: Verify creating checking account with default options  Opening application
2026-06-23 23:46:05.447697   warnings.warn(
2026-06-23 23:46:11.264387 Logging in
2026-06-23 23:46:18.363325 Opening account
2026-06-23 23:46:20.526936 Validating response
2026-06-23 23:46:20.632682 Closing browser
2026-06-23 23:46:23.094532 | PASS |
2026-06-23 23:46:23.100699 ------------------------------------------------------------------------------
2026-06-23 23:46:23.100923 Tests.Ui.TC-AC-UI-02                                                  | PASS |
2026-06-23 23:46:23.121126 1 test, 1 passed, 0 failed
2026-06-23 23:46:23.121194 ==============================================================================
2026-06-23 23:46:23.121242 Tests.Ui                                                              | PASS |
2026-06-23 23:46:23.121288 1 test, 1 passed, 0 failed
2026-06-23 23:46:23.121331 ==============================================================================
2026-06-23 23:46:23.121405 Tests                                                                 | PASS |
2026-06-23 23:46:23.121449 1 test, 1 passed, 0 failed
2026-06-23 23:46:23.121495 ==============================================================================
2026-06-23 23:46:23.121565 Output:  I:\CAPSTONE\reports\pabot_results\13\output.xml
