2026-06-20 12:12:17.354489 ==============================================================================
2026-06-20 12:12:17.389049 Tests
2026-06-20 12:12:17.389087 ==============================================================================
2026-06-20 12:12:17.389113 Tests.Api
2026-06-20 12:12:17.390540 ==============================================================================
2026-06-20 12:12:17.822596 Tests.Api.TC-API-05
2026-06-20 12:12:17.838973 ==============================================================================
2026-06-20 12:12:17.839020 Loading environment
2026-06-20 12:12:17.841160 Fetching active accounts
2026-06-20 12:12:17.852172 Creating API session
2026-06-20 12:12:17.852961 Getting customer accounts
2026-06-20 12:12:18.416671 Creating new account
2026-06-20 12:12:18.416671 I:\CAPSTONE\.venv\Lib\site-packages\urllib3\connectionpool.py:1110: InsecureRequestWarning: Unverified HTTPS request is being made to host 'parabank.parasoft.com'. Adding certificate verification is strongly advised. See: https://urllib3.readthedocs.io/en/latest/advanced-usage.html#tls-warnings
2026-06-20 12:12:18.424578   warnings.warn(
2026-06-20 12:12:18.726599 Getting customer accounts
2026-06-20 12:12:18.726599 I:\CAPSTONE\.venv\Lib\site-packages\urllib3\connectionpool.py:1110: InsecureRequestWarning: Unverified HTTPS request is being made to host 'parabank.parasoft.com'. Adding certificate verification is strongly advised. See: https://urllib3.readthedocs.io/en/latest/advanced-usage.html#tls-warnings
2026-06-20 12:12:18.762392   warnings.warn(
2026-06-20 12:12:19.067797 TC_API_05 :: Verify source account balance after transfer             Getting account details
2026-06-20 12:12:19.067797 I:\CAPSTONE\.venv\Lib\site-packages\urllib3\connectionpool.py:1110: InsecureRequestWarning: Unverified HTTPS request is being made to host 'parabank.parasoft.com'. Adding certificate verification is strongly advised. See: https://urllib3.readthedocs.io/en/latest/advanced-usage.html#tls-warnings
2026-06-20 12:12:19.099607   warnings.warn(
2026-06-20 12:12:19.409789 Checking response status
2026-06-20 12:12:19.409789 I:\CAPSTONE\.venv\Lib\site-packages\urllib3\connectionpool.py:1110: InsecureRequestWarning: Unverified HTTPS request is being made to host 'parabank.parasoft.com'. Adding certificate verification is strongly advised. See: https://urllib3.readthedocs.io/en/latest/advanced-usage.html#tls-warnings
2026-06-20 12:12:19.447370 Validating response
2026-06-20 12:12:19.447370   warnings.warn(
2026-06-20 12:12:19.449429 | PASS |
2026-06-20 12:12:19.451055 ------------------------------------------------------------------------------
2026-06-20 12:12:19.451272 Tests.Api.TC-API-05                                                   | PASS |
2026-06-20 12:12:19.454683 1 test, 1 passed, 0 failed
2026-06-20 12:12:19.454715 ==============================================================================
2026-06-20 12:12:19.454731 Tests.Api                                                             | PASS |
2026-06-20 12:12:19.455243 1 test, 1 passed, 0 failed
2026-06-20 12:12:19.455268 ==============================================================================
2026-06-20 12:12:19.455281 Tests                                                                 | PASS |
2026-06-20 12:12:19.455640 1 test, 1 passed, 0 failed
2026-06-20 12:12:19.455697 ==============================================================================
2026-06-20 12:12:19.455710 Output:  I:\CAPSTONE\reports\pabot_results\4\output.xml
