==============================================================================
Tests
==============================================================================
Tests.Api
==============================================================================
Tests.Api.TC-API-05
==============================================================================
Loading environment
Fetching active accounts
Creating API session
Getting customer accounts
Creating new account
Getting customer accounts
TC_API_05 :: Verify source account balance after transfer             Getting account details
Checking response status
Validating response
| PASS |
------------------------------------------------------------------------------
Tests.Api.TC-API-05                                                   | PASS |
1 test, 1 passed, 0 failed
==============================================================================
Tests.Api                                                             | PASS |
1 test, 1 passed, 0 failed
==============================================================================
Tests                                                                 | PASS |
1 test, 1 passed, 0 failed
==============================================================================
Output:  I:\CAPSTONE\reports\pabot_results\4\output.xml
