2026-06-23 23:45:56.766748 ==============================================================================
2026-06-23 23:45:56.805198 Tests
2026-06-23 23:45:56.805296 ==============================================================================
2026-06-23 23:45:56.805375 Tests.Api
2026-06-23 23:45:56.807853 ==============================================================================
2026-06-23 23:45:57.607300 Tests.Api.TC-API-04
2026-06-23 23:45:57.663945 ==============================================================================
2026-06-23 23:45:57.664029 Loading environment
2026-06-23 23:45:57.667971 Fetching active accounts
2026-06-23 23:45:57.687991 Creating API session
2026-06-23 23:45:57.689930 Getting customer accounts
2026-06-23 23:45:58.184447 TC_API_04 :: Verify fund transfer via API                             Transferring funds via API
2026-06-23 23:45:58.184447 I:\CAPSTONE\.venv\Lib\site-packages\urllib3\connectionpool.py:1110: InsecureRequestWarning: Unverified HTTPS request is being made to host 'parabank.parasoft.com'. Adding certificate verification is strongly advised. See: https://urllib3.readthedocs.io/en/latest/advanced-usage.html#tls-warnings
2026-06-23 23:45:58.242381   warnings.warn(
2026-06-23 23:45:58.608527 Checking response status
2026-06-23 23:45:58.608527 I:\CAPSTONE\.venv\Lib\site-packages\urllib3\connectionpool.py:1110: InsecureRequestWarning: Unverified HTTPS request is being made to host 'parabank.parasoft.com'. Adding certificate verification is strongly advised. See: https://urllib3.readthedocs.io/en/latest/advanced-usage.html#tls-warnings
2026-06-23 23:45:58.638411 Validating response
2026-06-23 23:45:58.638411   warnings.warn(
2026-06-23 23:45:58.639071 | PASS |
2026-06-23 23:45:58.648855 ------------------------------------------------------------------------------
2026-06-23 23:45:58.648938 Tests.Api.TC-API-04                                                   | PASS |
2026-06-23 23:45:58.673583 1 test, 1 passed, 0 failed
2026-06-23 23:45:58.673643 ==============================================================================
2026-06-23 23:45:58.673684 Tests.Api                                                             | PASS |
2026-06-23 23:45:58.673719 1 test, 1 passed, 0 failed
2026-06-23 23:45:58.673987 ==============================================================================
2026-06-23 23:45:58.674046 Tests                                                                 | PASS |
2026-06-23 23:45:58.674118 1 test, 1 passed, 0 failed
2026-06-23 23:45:58.674162 ==============================================================================
2026-06-23 23:45:58.674199 Output:  I:\CAPSTONE\reports\pabot_results\3\output.xml
