==============================================================================
Tests
==============================================================================
Tests.Api
==============================================================================
Tests.Api.TC-API-04
==============================================================================
Loading environment
Fetching active accounts
Creating API session
Getting customer accounts
Creating new account
Getting customer accounts
TC_API_04 :: Verify fund transfer via API                             Transferring funds via API
Checking response status
Validating response
| PASS |
------------------------------------------------------------------------------
Tests.Api.TC-API-04                                                   | PASS |
1 test, 1 passed, 0 failed
==============================================================================
Tests.Api                                                             | PASS |
1 test, 1 passed, 0 failed
==============================================================================
Tests                                                                 | PASS |
1 test, 1 passed, 0 failed
==============================================================================
Output:  I:\CAPSTONE\reports\pabot_results\3\output.xml
