2026-06-23 23:46:00.745459 ==============================================================================
2026-06-23 23:46:00.796539 Tests
2026-06-23 23:46:00.796650 ==============================================================================
2026-06-23 23:46:00.796704 Tests.Api
2026-06-23 23:46:00.800098 ==============================================================================
2026-06-23 23:46:01.666531 Tests.Api.TC-API-10
2026-06-23 23:46:01.701302 ==============================================================================
2026-06-23 23:46:01.701357 Loading environment
2026-06-23 23:46:01.704616 Fetching active accounts
2026-06-23 23:46:01.721503 Creating API session
2026-06-23 23:46:01.723180 Getting customer accounts
2026-06-23 23:46:02.183019 TC_API_10 :: Verify account transaction history                       Getting account transactions
2026-06-23 23:46:02.183019 I:\CAPSTONE\.venv\Lib\site-packages\urllib3\connectionpool.py:1110: InsecureRequestWarning: Unverified HTTPS request is being made to host 'parabank.parasoft.com'. Adding certificate verification is strongly advised. See: https://urllib3.readthedocs.io/en/latest/advanced-usage.html#tls-warnings
2026-06-23 23:46:02.239214   warnings.warn(
2026-06-23 23:46:02.479287 Checking response status
2026-06-23 23:46:02.479287 I:\CAPSTONE\.venv\Lib\site-packages\urllib3\connectionpool.py:1110: InsecureRequestWarning: Unverified HTTPS request is being made to host 'parabank.parasoft.com'. Adding certificate verification is strongly advised. See: https://urllib3.readthedocs.io/en/latest/advanced-usage.html#tls-warnings
2026-06-23 23:46:02.528035 Validating response
2026-06-23 23:46:02.528035   warnings.warn(
2026-06-23 23:46:02.533557 | PASS |
2026-06-23 23:46:02.537358 ------------------------------------------------------------------------------
2026-06-23 23:46:02.538354 Tests.Api.TC-API-10                                                   | PASS |
2026-06-23 23:46:02.557564 1 test, 1 passed, 0 failed
2026-06-23 23:46:02.557607 ==============================================================================
2026-06-23 23:46:02.557637 Tests.Api                                                             | PASS |
2026-06-23 23:46:02.557664 1 test, 1 passed, 0 failed
2026-06-23 23:46:02.557691 ==============================================================================
2026-06-23 23:46:02.557719 Tests                                                                 | PASS |
2026-06-23 23:46:02.557746 1 test, 1 passed, 0 failed
2026-06-23 23:46:02.557773 ==============================================================================
2026-06-23 23:46:02.557800 Output:  I:\CAPSTONE\reports\pabot_results\9\output.xml
