==============================================================================
Tests
==============================================================================
Tests.Api
==============================================================================
Tests.Api.TC-API-10
==============================================================================
Loading environment
Fetching active accounts
Creating API session
Getting customer accounts
TC_API_10 :: Verify account transaction history                       Getting account transactions
Checking response status
Validating response
| PASS |
------------------------------------------------------------------------------
Tests.Api.TC-API-10                                                   | PASS |
1 test, 1 passed, 0 failed
==============================================================================
Tests.Api                                                             | PASS |
1 test, 1 passed, 0 failed
==============================================================================
Tests                                                                 | PASS |
1 test, 1 passed, 0 failed
==============================================================================
Output:  I:\CAPSTONE\reports\pabot_results\9\output.xml
