2026-06-23 23:46:03.279274 ==============================================================================
2026-06-23 23:46:03.341050 Tests
2026-06-23 23:46:03.341160 ==============================================================================
2026-06-23 23:46:03.341241 Tests.E2E
2026-06-23 23:46:03.343735 ==============================================================================
2026-06-23 23:46:04.214955 Tests.E2E.TC-E2E-01
2026-06-23 23:46:04.265026 ==============================================================================
2026-06-23 23:46:04.265119 Loading environment
2026-06-23 23:46:04.268364 Fetching active accounts
2026-06-23 23:46:04.286435 Creating API session
2026-06-23 23:46:04.288657 Getting customer accounts
2026-06-23 23:46:04.854642 TC-E2E-01 :: Verify E2E account creation and API validation           Opening application
2026-06-23 23:46:04.854642 I:\CAPSTONE\.venv\Lib\site-packages\urllib3\connectionpool.py:1110: InsecureRequestWarning: Unverified HTTPS request is being made to host 'parabank.parasoft.com'. Adding certificate verification is strongly advised. See: https://urllib3.readthedocs.io/en/latest/advanced-usage.html#tls-warnings
2026-06-23 23:46:04.887719   warnings.warn(
2026-06-23 23:46:10.436784 Logging in
2026-06-23 23:46:15.527495 Opening account
2026-06-23 23:46:18.863521 Getting new account number
2026-06-23 23:46:18.953020 Verifying account details
2026-06-23 23:46:18.993719 Getting account details
2026-06-23 23:46:19.227919 Checking response status
2026-06-23 23:46:19.227919 I:\CAPSTONE\.venv\Lib\site-packages\urllib3\connectionpool.py:1110: InsecureRequestWarning: Unverified HTTPS request is being made to host 'parabank.parasoft.com'. Adding certificate verification is strongly advised. See: https://urllib3.readthedocs.io/en/latest/advanced-usage.html#tls-warnings
2026-06-23 23:46:19.285382 Closing browser
2026-06-23 23:46:19.285382   warnings.warn(
2026-06-23 23:46:21.680140 | PASS |
2026-06-23 23:46:21.686327 ------------------------------------------------------------------------------
2026-06-23 23:46:21.686686 Tests.E2E.TC-E2E-01                                                   | PASS |
2026-06-23 23:46:21.697783 1 test, 1 passed, 0 failed
2026-06-23 23:46:21.698013 ==============================================================================
2026-06-23 23:46:21.698061 Tests.E2E                                                             | PASS |
2026-06-23 23:46:21.699464 1 test, 1 passed, 0 failed
2026-06-23 23:46:21.699604 ==============================================================================
2026-06-23 23:46:21.699653 Tests                                                                 | PASS |
2026-06-23 23:46:21.700969 1 test, 1 passed, 0 failed
2026-06-23 23:46:21.701103 ==============================================================================
2026-06-23 23:46:21.701142 Output:  I:\CAPSTONE\reports\pabot_results\10\output.xml
