==============================================================================
Tests
==============================================================================
Tests.Data Driven
==============================================================================
Tests.Data Driven.Data Driven Csv
==============================================================================
Register johndoe :: Data driven testing using csv                     | PASS |
------------------------------------------------------------------------------
Register emmasmith :: Data driven testing using csv                   | PASS |
------------------------------------------------------------------------------
Register mjohnson :: Data driven testing using csv                    | PASS |
------------------------------------------------------------------------------
Register sophiaw :: Data driven testing using csv                     | PASS |
------------------------------------------------------------------------------
Register davidb :: Data driven testing using csv                      | PASS |
------------------------------------------------------------------------------
Tests.Data Driven.Data Driven Csv                                     | PASS |
5 tests, 5 passed, 0 failed
==============================================================================
Tests.Data Driven                                                     | PASS |
5 tests, 5 passed, 0 failed
==============================================================================
Tests                                                                 | PASS |
5 tests, 5 passed, 0 failed
==============================================================================
Output:  I:\CAPSTONE\reports\pabot_results\10\output.xml
