2026-06-23 23:46:41.745596 ==============================================================================
2026-06-23 23:46:41.757660 Tests
2026-06-23 23:46:41.757761 ==============================================================================
2026-06-23 23:46:41.757846 Tests.Ui
2026-06-23 23:46:41.762262 ==============================================================================
2026-06-23 23:46:42.808234 Tests.Ui.TC-TX-UI-05
2026-06-23 23:46:42.846398 ==============================================================================
2026-06-23 23:46:42.846479 Loading environment
2026-06-23 23:46:42.849748 Fetching active accounts
2026-06-23 23:46:42.867539 Creating API session
2026-06-23 23:46:42.868878 Getting customer accounts
2026-06-23 23:46:43.366589 I:\CAPSTONE\.venv\Lib\site-packages\urllib3\connectionpool.py:1110: InsecureRequestWarning: Unverified HTTPS request is being made to host 'parabank.parasoft.com'. Adding certificate verification is strongly advised. See: https://urllib3.readthedocs.io/en/latest/advanced-usage.html#tls-warnings
2026-06-23 23:46:43.420984 TC-TX-UI-05 :: Verify excessive funds transfer rejection              Opening application
2026-06-23 23:46:43.420984   warnings.warn(
2026-06-23 23:46:48.690960 Logging in
2026-06-23 23:46:53.676477 Entering amount
2026-06-23 23:46:53.853645 Selecting source account
2026-06-23 23:46:53.988965 Selecting destination account
2026-06-23 23:46:54.135677 Transferring funds with excessive amount
2026-06-23 23:46:58.249022 Validating response
2026-06-23 23:46:58.526484 Closing browser
2026-06-23 23:47:00.972234 | FAIL |
2026-06-23 23:47:01.005998 Page should not have contained text 'Transfer Complete!'.
2026-06-23 23:47:01.006067 ------------------------------------------------------------------------------
2026-06-23 23:47:01.006099 Tests.Ui.TC-TX-UI-05                                                  | FAIL |
2026-06-23 23:47:01.006120 1 test, 0 passed, 1 failed
2026-06-23 23:47:01.006140 ==============================================================================
2026-06-23 23:47:01.006158 Tests.Ui                                                              | FAIL |
2026-06-23 23:47:01.006176 1 test, 0 passed, 1 failed
2026-06-23 23:47:01.006194 ==============================================================================
2026-06-23 23:47:01.006211 Tests                                                                 | FAIL |
2026-06-23 23:47:01.006228 1 test, 0 passed, 1 failed
2026-06-23 23:47:01.006245 ==============================================================================
2026-06-23 23:47:01.006262 Output:  I:\CAPSTONE\reports\pabot_results\21\output.xml
