2026-06-20 12:12:23.113300 ==============================================================================
2026-06-20 12:12:23.148316 Tests
2026-06-20 12:12:23.148375 ==============================================================================
2026-06-20 12:12:23.148418 Tests.Ui
2026-06-20 12:12:23.150756 ==============================================================================
2026-06-20 12:12:23.644043 Tests.Ui.TC-AC-UI-01
2026-06-20 12:12:23.679727 ==============================================================================
2026-06-20 12:12:23.679804 Loading environment
2026-06-20 12:12:23.681859 Fetching active accounts
2026-06-20 12:12:23.691542 Creating API session
2026-06-20 12:12:23.692436 Getting customer accounts
2026-06-20 12:12:24.434800 TC-AC-UI-01 :: Verify creating savings account                        Opening application
2026-06-20 12:12:24.434800 I:\CAPSTONE\.venv\Lib\site-packages\urllib3\connectionpool.py:1110: InsecureRequestWarning: Unverified HTTPS request is being made to host 'parabank.parasoft.com'. Adding certificate verification is strongly advised. See: https://urllib3.readthedocs.io/en/latest/advanced-usage.html#tls-warnings
2026-06-20 12:12:24.471375   warnings.warn(
2026-06-20 12:12:29.082085 Logging in
2026-06-20 12:12:36.740746 Opening account
2026-06-20 12:12:38.818278 Validating response
2026-06-20 12:12:38.855610 Closing browser
2026-06-20 12:12:41.109397 | PASS |
2026-06-20 12:12:41.113772 ------------------------------------------------------------------------------
2026-06-20 12:12:41.113805 Tests.Ui.TC-AC-UI-01                                                  | PASS |
2026-06-20 12:12:41.118002 1 test, 1 passed, 0 failed
2026-06-20 12:12:41.118040 ==============================================================================
2026-06-20 12:12:41.118066 Tests.Ui                                                              | PASS |
2026-06-20 12:12:41.118179 1 test, 1 passed, 0 failed
2026-06-20 12:12:41.118247 ==============================================================================
2026-06-20 12:12:41.118268 Tests                                                                 | PASS |
2026-06-20 12:12:41.118666 1 test, 1 passed, 0 failed
2026-06-20 12:12:41.118728 ==============================================================================
2026-06-20 12:12:41.118754 Output:  I:\CAPSTONE\reports\pabot_results\14\output.xml
