2026-06-23 23:46:00.791600 ==============================================================================
2026-06-23 23:46:00.802772 Tests
2026-06-23 23:46:00.802843 ==============================================================================
2026-06-23 23:46:00.802907 Tests.Api
2026-06-23 23:46:00.805382 ==============================================================================
2026-06-23 23:46:01.618083 Tests.Api.TC-API-08
2026-06-23 23:46:01.624960 ==============================================================================
2026-06-23 23:46:01.625049 Loading environment
2026-06-23 23:46:01.630164 Fetching active accounts
2026-06-23 23:46:01.653564 Creating API session
2026-06-23 23:46:01.655457 Getting customer accounts
2026-06-23 23:46:02.104237 TC_API_08 :: Verify GET account details for non-existent account ID   Gives 400 HTTP status code for non-existent account ID
2026-06-23 23:46:02.104237 I:\CAPSTONE\.venv\Lib\site-packages\urllib3\connectionpool.py:1110: InsecureRequestWarning: Unverified HTTPS request is being made to host 'parabank.parasoft.com'. Adding certificate verification is strongly advised. See: https://urllib3.readthedocs.io/en/latest/advanced-usage.html#tls-warnings
2026-06-23 23:46:02.120282 Getting account details
2026-06-23 23:46:02.120282   warnings.warn(
2026-06-23 23:46:02.370424 | FAIL |
2026-06-23 23:46:02.370424 I:\CAPSTONE\.venv\Lib\site-packages\urllib3\connectionpool.py:1110: InsecureRequestWarning: Unverified HTTPS request is being made to host 'parabank.parasoft.com'. Adding certificate verification is strongly advised. See: https://urllib3.readthedocs.io/en/latest/advanced-usage.html#tls-warnings
2026-06-23 23:46:02.421066 HTTPError: 400 Client Error: Bad Request for url: https://parabank.parasoft.com/parabank/services/bank/accounts/99999
2026-06-23 23:46:02.421066   warnings.warn(
2026-06-23 23:46:02.433675 ------------------------------------------------------------------------------
2026-06-23 23:46:02.433731 Tests.Api.TC-API-08                                                   | FAIL |
2026-06-23 23:46:02.433771 1 test, 0 passed, 1 failed
2026-06-23 23:46:02.433812 ==============================================================================
2026-06-23 23:46:02.433841 Tests.Api                                                             | FAIL |
2026-06-23 23:46:02.433869 1 test, 0 passed, 1 failed
2026-06-23 23:46:02.433898 ==============================================================================
2026-06-23 23:46:02.433925 Tests                                                                 | FAIL |
2026-06-23 23:46:02.433952 1 test, 0 passed, 1 failed
2026-06-23 23:46:02.433979 ==============================================================================
2026-06-23 23:46:02.434007 Output:  I:\CAPSTONE\reports\pabot_results\7\output.xml
