2026-06-20 02:34:28.127301 ==============================================================================
2026-06-20 02:34:28.146726 Tests
2026-06-20 02:34:28.146823 ==============================================================================
2026-06-20 02:34:28.146897 Tests.Ui
2026-06-20 02:34:28.150671 ==============================================================================
2026-06-20 02:34:29.388487 Tests.Ui.TC-NAV-UI-01
2026-06-20 02:34:29.404102 ==============================================================================
2026-06-20 02:34:29.404242 Loading environment
2026-06-20 02:34:29.409573 Fetching active accounts
2026-06-20 02:34:29.431767 Creating API session
2026-06-20 02:34:29.434087 Getting customer accounts
2026-06-20 02:34:29.993506 I:\CAPSTONE\.venv\Lib\site-packages\urllib3\connectionpool.py:1110: InsecureRequestWarning: Unverified HTTPS request is being made to host 'parabank.parasoft.com'. Adding certificate verification is strongly advised. See: https://urllib3.readthedocs.io/en/latest/advanced-usage.html#tls-warnings
2026-06-20 02:34:30.055094 TC-NAV-UI-01 :: Verify UI navigation flow                             Opening application
2026-06-20 02:34:30.055094   warnings.warn(
2026-06-20 02:34:35.282409 Logging in
2026-06-20 02:34:40.250346 Validating page URL contains 'openaccount'
2026-06-20 02:34:40.294926 Navigating to transfer funds
2026-06-20 02:34:41.843515 Validating page URL contains 'transfer'
2026-06-20 02:34:41.885083 Closing browser
2026-06-20 02:34:44.239014 | PASS |
2026-06-20 02:34:44.281040 ------------------------------------------------------------------------------
2026-06-20 02:34:44.328133 Tests.Ui.TC-NAV-UI-01                                                 | PASS |
2026-06-20 02:34:44.328217 1 test, 1 passed, 0 failed
2026-06-20 02:34:44.328258 ==============================================================================
2026-06-20 02:34:44.328281 Tests.Ui                                                              | PASS |
2026-06-20 02:34:44.328300 1 test, 1 passed, 0 failed
2026-06-20 02:34:44.328318 ==============================================================================
2026-06-20 02:34:44.328347 Tests                                                                 | PASS |
2026-06-20 02:34:44.328386 1 test, 1 passed, 0 failed
2026-06-20 02:34:44.328421 ==============================================================================
2026-06-20 02:34:44.328461 Output:  I:\CAPSTONE\reports\pabot_results\18\output.xml
