==============================================================================
Tests
==============================================================================
Tests.Ui
==============================================================================
Tests.Ui.TC-NAV-UI-01
==============================================================================
Loading environment
Fetching active accounts
Creating API session
Getting customer accounts
TC-NAV-UI-01 :: Verify UI navigation flow                             Opening application
Logging in
Validating page URL contains 'openaccount'
Navigating to transfer funds
Validating page URL contains 'transfer'
Closing browser
| PASS |
------------------------------------------------------------------------------
Tests.Ui.TC-NAV-UI-01                                                 | PASS |
1 test, 1 passed, 0 failed
==============================================================================
Tests.Ui                                                              | PASS |
1 test, 1 passed, 0 failed
==============================================================================
Tests                                                                 | PASS |
1 test, 1 passed, 0 failed
==============================================================================
Output:  I:\CAPSTONE\reports\pabot_results\16\output.xml
