2026-06-23 23:46:24.618999 ==============================================================================
2026-06-23 23:46:24.652236 Tests
2026-06-23 23:46:24.652301 ==============================================================================
2026-06-23 23:46:24.652345 Tests.Ui
2026-06-23 23:46:24.654921 ==============================================================================
2026-06-23 23:46:25.458518 Tests.Ui.TC-NAV-UI-01
2026-06-23 23:46:25.492841 ==============================================================================
2026-06-23 23:46:25.492926 Loading environment
2026-06-23 23:46:25.496804 Fetching active accounts
2026-06-23 23:46:25.514780 Creating API session
2026-06-23 23:46:25.516120 Getting customer accounts
2026-06-23 23:46:26.017419 TC-NAV-UI-01 :: Verify UI navigation flow                             Opening application
2026-06-23 23:46:26.017419 I:\CAPSTONE\.venv\Lib\site-packages\urllib3\connectionpool.py:1110: InsecureRequestWarning: Unverified HTTPS request is being made to host 'parabank.parasoft.com'. Adding certificate verification is strongly advised. See: https://urllib3.readthedocs.io/en/latest/advanced-usage.html#tls-warnings
2026-06-23 23:46:26.044027   warnings.warn(
2026-06-23 23:46:30.928563 Logging in
2026-06-23 23:46:35.921468 Validating page URL contains 'openaccount'
2026-06-23 23:46:35.927527 Navigating to transfer funds
2026-06-23 23:46:37.550680 Validating page URL contains 'transfer'
2026-06-23 23:46:37.572801 Closing browser
2026-06-23 23:46:39.947231 | PASS |
2026-06-23 23:46:39.969204 ------------------------------------------------------------------------------
2026-06-23 23:46:39.969619 Tests.Ui.TC-NAV-UI-01                                                 | PASS |
2026-06-23 23:46:39.975713 1 test, 1 passed, 0 failed
2026-06-23 23:46:39.975863 ==============================================================================
2026-06-23 23:46:39.975897 Tests.Ui                                                              | PASS |
2026-06-23 23:46:39.976990 1 test, 1 passed, 0 failed
2026-06-23 23:46:39.977117 ==============================================================================
2026-06-23 23:46:39.977163 Tests                                                                 | PASS |
2026-06-23 23:46:39.978391 1 test, 1 passed, 0 failed
2026-06-23 23:46:39.978517 ==============================================================================
2026-06-23 23:46:39.978566 Output:  I:\CAPSTONE\reports\pabot_results\16\output.xml
