==============================================================================
Tests
==============================================================================
Tests.Api
==============================================================================
Tests.Api.TC-API-03
==============================================================================
Loading environment
Fetching active accounts
Creating API session
Getting customer accounts
TC_API_03 :: Verify newly created account exists in customer accou... Getting customer accounts
Checking response status
Validating response
| PASS |
------------------------------------------------------------------------------
Tests.Api.TC-API-03                                                   | PASS |
1 test, 1 passed, 0 failed
==============================================================================
Tests.Api                                                             | PASS |
1 test, 1 passed, 0 failed
==============================================================================
Tests                                                                 | PASS |
1 test, 1 passed, 0 failed
==============================================================================
Output:  I:\CAPSTONE\reports\pabot_results\2\output.xml
