2026-06-20 02:33:58.942547 ==============================================================================
2026-06-20 02:33:58.957418 Tests
2026-06-20 02:33:58.957533 ==============================================================================
2026-06-20 02:33:58.957582 Tests.Api
2026-06-20 02:33:58.961303 ==============================================================================
2026-06-20 02:33:59.769249 Tests.Api.TC-API-03
2026-06-20 02:33:59.810180 ==============================================================================
2026-06-20 02:33:59.810280 Loading environment
2026-06-20 02:33:59.815347 Fetching active accounts
2026-06-20 02:33:59.846637 Creating API session
2026-06-20 02:33:59.848776 Getting customer accounts
2026-06-20 02:34:00.781079 I:\CAPSTONE\.venv\Lib\site-packages\urllib3\connectionpool.py:1110: InsecureRequestWarning: Unverified HTTPS request is being made to host 'parabank.parasoft.com'. Adding certificate verification is strongly advised. See: https://urllib3.readthedocs.io/en/latest/advanced-usage.html#tls-warnings
2026-06-20 02:34:00.843305 TC_API_03 :: Verify newly created account exists in customer accou... Getting customer accounts
2026-06-20 02:34:00.843305   warnings.warn(
2026-06-20 02:34:01.228913 Checking response status
2026-06-20 02:34:01.228913 I:\CAPSTONE\.venv\Lib\site-packages\urllib3\connectionpool.py:1110: InsecureRequestWarning: Unverified HTTPS request is being made to host 'parabank.parasoft.com'. Adding certificate verification is strongly advised. See: https://urllib3.readthedocs.io/en/latest/advanced-usage.html#tls-warnings
2026-06-20 02:34:01.279739 Validating response
2026-06-20 02:34:01.279739   warnings.warn(
2026-06-20 02:34:01.281227 | PASS |
2026-06-20 02:34:01.291708 ------------------------------------------------------------------------------
2026-06-20 02:34:01.291782 Tests.Api.TC-API-03                                                   | PASS |
2026-06-20 02:34:01.310089 1 test, 1 passed, 0 failed
2026-06-20 02:34:01.310149 ==============================================================================
2026-06-20 02:34:01.310262 Tests.Api                                                             | PASS |
2026-06-20 02:34:01.310306 1 test, 1 passed, 0 failed
2026-06-20 02:34:01.310341 ==============================================================================
2026-06-20 02:34:01.310375 Tests                                                                 | PASS |
2026-06-20 02:34:01.310409 1 test, 1 passed, 0 failed
2026-06-20 02:34:01.310444 ==============================================================================
2026-06-20 02:34:01.310478 Output:  I:\CAPSTONE\reports\pabot_results\2\output.xml
