2026-06-20 12:12:41.836839 ==============================================================================
2026-06-20 12:12:41.852912 Tests
2026-06-20 12:12:41.852969 ==============================================================================
2026-06-20 12:12:41.853016 Tests.Ui
2026-06-20 12:12:41.854915 ==============================================================================
2026-06-20 12:12:42.228768 Tests.Ui.TC-AC-UI-04
2026-06-20 12:12:42.279609 ==============================================================================
2026-06-20 12:12:42.279662 Loading environment
2026-06-20 12:12:42.281617 Fetching active accounts
2026-06-20 12:12:42.291203 Creating API session
2026-06-20 12:12:42.292132 Getting customer accounts
2026-06-20 12:12:42.761344 TC-AC-UI-04 :: Verify open account page controls                      Opening application
2026-06-20 12:12:42.761344 I:\CAPSTONE\.venv\Lib\site-packages\urllib3\connectionpool.py:1110: InsecureRequestWarning: Unverified HTTPS request is being made to host 'parabank.parasoft.com'. Adding certificate verification is strongly advised. See: https://urllib3.readthedocs.io/en/latest/advanced-usage.html#tls-warnings
2026-06-20 12:12:42.794175   warnings.warn(
2026-06-20 12:12:47.381407 Logging in
2026-06-20 12:12:51.724161 Validating visibility of Account Type dropdown
2026-06-20 12:12:51.741279 Validating visibility of Existing Account ID dropdown
2026-06-20 12:12:51.760560 Validating visibility of Open New Account button
2026-06-20 12:12:51.776322 Test completed
2026-06-20 12:12:51.791111 Closing browser
2026-06-20 12:12:53.957357 | PASS |
2026-06-20 12:12:53.968509 ------------------------------------------------------------------------------
2026-06-20 12:12:53.968539 Tests.Ui.TC-AC-UI-04                                                  | PASS |
2026-06-20 12:12:53.973757 1 test, 1 passed, 0 failed
2026-06-20 12:12:53.973813 ==============================================================================
2026-06-20 12:12:53.973834 Tests.Ui                                                              | PASS |
2026-06-20 12:12:53.974507 1 test, 1 passed, 0 failed
2026-06-20 12:12:53.974586 ==============================================================================
2026-06-20 12:12:53.974602 Tests                                                                 | PASS |
2026-06-20 12:12:53.975089 1 test, 1 passed, 0 failed
2026-06-20 12:12:53.975168 ==============================================================================
2026-06-20 12:12:53.975184 Output:  I:\CAPSTONE\reports\pabot_results\17\output.xml
