==============================================================================
Tests
==============================================================================
Tests.Ui
==============================================================================
Tests.Ui.TC-AC-UI-04
==============================================================================
Loading environment
Fetching active accounts
Creating API session
Getting customer accounts
TC-AC-UI-04 :: Verify open account page controls                      Opening application
Logging in
Validating visibility of Account Type dropdown
Validating visibility of Existing Account ID dropdown
Validating visibility of Open New Account button
Test completed
Closing browser
| PASS |
------------------------------------------------------------------------------
Tests.Ui.TC-AC-UI-04                                                  | PASS |
1 test, 1 passed, 0 failed
==============================================================================
Tests.Ui                                                              | PASS |
1 test, 1 passed, 0 failed
==============================================================================
Tests                                                                 | PASS |
1 test, 1 passed, 0 failed
==============================================================================
Output:  I:\CAPSTONE\reports\pabot_results\17\output.xml
