2026-06-20 12:13:03.531517 ==============================================================================
2026-06-20 12:13:03.533853 Tests
2026-06-20 12:13:03.533902 ==============================================================================
2026-06-20 12:13:03.533930 Tests.Ui
2026-06-20 12:13:03.536671 ==============================================================================
2026-06-20 12:13:04.042423 Tests.Ui.TC-TX-UI-05
2026-06-20 12:13:04.056035 ==============================================================================
2026-06-20 12:13:04.056066 Loading environment
2026-06-20 12:13:04.057797 Fetching active accounts
2026-06-20 12:13:04.067379 Creating API session
2026-06-20 12:13:04.068146 Getting customer accounts
2026-06-20 12:13:04.494399 TC-TX-UI-05 :: Verify excessive funds transfer rejection              Opening application
2026-06-20 12:13:04.494399 I:\CAPSTONE\.venv\Lib\site-packages\urllib3\connectionpool.py:1110: InsecureRequestWarning: Unverified HTTPS request is being made to host 'parabank.parasoft.com'. Adding certificate verification is strongly advised. See: https://urllib3.readthedocs.io/en/latest/advanced-usage.html#tls-warnings
2026-06-20 12:13:04.523752   warnings.warn(
2026-06-20 12:13:08.875578 Logging in
2026-06-20 12:13:13.314078 Entering amount
2026-06-20 12:13:13.437262 Selecting source account
2026-06-20 12:13:13.444781 Selecting destination account
2026-06-20 12:13:13.483881 Transferring funds with excessive amount
2026-06-20 12:13:17.543973 Validating response
2026-06-20 12:13:17.651648 Closing browser
2026-06-20 12:13:19.809908 | FAIL |
2026-06-20 12:13:19.861806 Page should not have contained text 'Transfer Complete!'.
2026-06-20 12:13:19.861880 ------------------------------------------------------------------------------
2026-06-20 12:13:19.861900 Tests.Ui.TC-TX-UI-05                                                  | FAIL |
2026-06-20 12:13:19.863294 1 test, 0 passed, 1 failed
2026-06-20 12:13:19.863380 ==============================================================================
2026-06-20 12:13:19.863398 Tests.Ui                                                              | FAIL |
2026-06-20 12:13:19.863920 1 test, 0 passed, 1 failed
2026-06-20 12:13:19.863949 ==============================================================================
2026-06-20 12:13:19.863964 Tests                                                                 | FAIL |
2026-06-20 12:13:19.864386 1 test, 0 passed, 1 failed
2026-06-20 12:13:19.864454 ==============================================================================
2026-06-20 12:13:19.864527 Output:  I:\CAPSTONE\reports\pabot_results\23\output.xml
