==============================================================================
Tests
==============================================================================
Tests.Ui
==============================================================================
Tests.Ui.TC-TX-UI-05
==============================================================================
Loading environment
Fetching active accounts
Creating API session
Getting customer accounts
TC-TX-UI-05 :: Verify excessive funds transfer rejection              Opening application
Logging in
Entering amount
Selecting source account
Selecting destination account
Transferring funds with excessive amount
Validating response
Closing browser
| FAIL |
Page should not have contained text 'Transfer Complete!'.
------------------------------------------------------------------------------
Tests.Ui.TC-TX-UI-05                                                  | FAIL |
1 test, 0 passed, 1 failed
==============================================================================
Tests.Ui                                                              | FAIL |
1 test, 0 passed, 1 failed
==============================================================================
Tests                                                                 | FAIL |
1 test, 0 passed, 1 failed
==============================================================================
Output:  I:\CAPSTONE\reports\pabot_results\23\output.xml
