==============================================================================
Tests
==============================================================================
Tests.Ui
==============================================================================
Tests.Ui.TC-TX-UI-03
==============================================================================
Loading environment
Fetching active accounts
Creating API session
Getting customer accounts
TC-TX-UI-03 :: Verify blank amount funds transfer rejection           Opening application
Logging in
Selecting source account
Selecting destination account
Transferring funds with blank amount
Validating response
Closing browser
| PASS |
------------------------------------------------------------------------------
Tests.Ui.TC-TX-UI-03                                                  | PASS |
1 test, 1 passed, 0 failed
==============================================================================
Tests.Ui                                                              | PASS |
1 test, 1 passed, 0 failed
==============================================================================
Tests                                                                 | PASS |
1 test, 1 passed, 0 failed
==============================================================================
Output:  I:\CAPSTONE\reports\pabot_results\19\output.xml
