2026-06-20 02:34:32.396145 ==============================================================================
2026-06-20 02:34:32.439115 Tests
2026-06-20 02:34:32.439212 ==============================================================================
2026-06-20 02:34:32.439292 Tests.Ui
2026-06-20 02:34:32.442479 ==============================================================================
2026-06-20 02:34:33.551753 Tests.Ui.TC-TX-UI-01
2026-06-20 02:34:33.600164 ==============================================================================
2026-06-20 02:34:33.600241 Loading environment
2026-06-20 02:34:33.603892 Fetching active accounts
2026-06-20 02:34:33.622709 Creating API session
2026-06-20 02:34:33.624438 Getting customer accounts
2026-06-20 02:34:34.164857 TC-TX-UI-01 :: Verify funds transfer via UI                           Opening application
2026-06-20 02:34:34.164857 I:\CAPSTONE\.venv\Lib\site-packages\urllib3\connectionpool.py:1110: InsecureRequestWarning: Unverified HTTPS request is being made to host 'parabank.parasoft.com'. Adding certificate verification is strongly advised. See: https://urllib3.readthedocs.io/en/latest/advanced-usage.html#tls-warnings
2026-06-20 02:34:34.209155   warnings.warn(
2026-06-20 02:34:39.192891 Logging in
2026-06-20 02:34:44.059932 Entering amount
2026-06-20 02:34:44.299717 Selecting from account
2026-06-20 02:34:44.575726 Selecting to account
2026-06-20 02:34:44.730282 Transferring funds
2026-06-20 02:34:48.887483 Closing browser
2026-06-20 02:34:51.313135 | PASS |
2026-06-20 02:34:51.335889 ------------------------------------------------------------------------------
2026-06-20 02:34:51.336323 Tests.Ui.TC-TX-UI-01                                                  | PASS |
2026-06-20 02:34:51.345505 1 test, 1 passed, 0 failed
2026-06-20 02:34:51.345597 ==============================================================================
2026-06-20 02:34:51.345632 Tests.Ui                                                              | PASS |
2026-06-20 02:34:51.347254 1 test, 1 passed, 0 failed
2026-06-20 02:34:51.347302 ==============================================================================
2026-06-20 02:34:51.347324 Tests                                                                 | PASS |
2026-06-20 02:34:51.348570 1 test, 1 passed, 0 failed
2026-06-20 02:34:51.348717 ==============================================================================
2026-06-20 02:34:51.348800 Output:  I:\CAPSTONE\reports\pabot_results\19\output.xml
