==============================================================================
Tests
==============================================================================
Tests.Ui
==============================================================================
Tests.Ui.TC-AC-UI-02
==============================================================================
Loading environment
Fetching active accounts
Creating API session
Getting customer accounts
TC-AC-UI-02 :: Verify creating checking account with default options  Opening application
Logging in
Opening account
Validating response
Closing browser
| PASS |
------------------------------------------------------------------------------
Tests.Ui.TC-AC-UI-02                                                  | PASS |
1 test, 1 passed, 0 failed
==============================================================================
Tests.Ui                                                              | PASS |
1 test, 1 passed, 0 failed
==============================================================================
Tests                                                                 | PASS |
1 test, 1 passed, 0 failed
==============================================================================
Output:  I:\CAPSTONE\reports\pabot_results\15\output.xml
