2026-06-20 02:34:11.445591 ==============================================================================
2026-06-20 02:34:11.477901 Tests
2026-06-20 02:34:11.478424 ==============================================================================
2026-06-20 02:34:11.478957 Tests.Ui
2026-06-20 02:34:11.481336 ==============================================================================
2026-06-20 02:34:12.559296 Tests.Ui.TC-AC-UI-02
2026-06-20 02:34:12.614473 ==============================================================================
2026-06-20 02:34:12.614558 Loading environment
2026-06-20 02:34:12.618599 Fetching active accounts
2026-06-20 02:34:12.640208 Creating API session
2026-06-20 02:34:12.642475 Getting customer accounts
2026-06-20 02:34:13.028913 I:\CAPSTONE\.venv\Lib\site-packages\urllib3\connectionpool.py:1110: InsecureRequestWarning: Unverified HTTPS request is being made to host 'parabank.parasoft.com'. Adding certificate verification is strongly advised. See: https://urllib3.readthedocs.io/en/latest/advanced-usage.html#tls-warnings
2026-06-20 02:34:13.085614 TC-AC-UI-02 :: Verify creating checking account with default options  Opening application
2026-06-20 02:34:13.085614   warnings.warn(
2026-06-20 02:34:18.631250 Logging in
2026-06-20 02:34:25.765351 Opening account
2026-06-20 02:34:27.942166 Validating response
2026-06-20 02:34:28.002794 Closing browser
2026-06-20 02:34:30.400274 | PASS |
2026-06-20 02:34:30.405205 ------------------------------------------------------------------------------
2026-06-20 02:34:30.405298 Tests.Ui.TC-AC-UI-02                                                  | PASS |
2026-06-20 02:34:30.414674 1 test, 1 passed, 0 failed
2026-06-20 02:34:30.414735 ==============================================================================
2026-06-20 02:34:30.414789 Tests.Ui                                                              | PASS |
2026-06-20 02:34:30.416025 1 test, 1 passed, 0 failed
2026-06-20 02:34:30.416165 ==============================================================================
2026-06-20 02:34:30.416205 Tests                                                                 | PASS |
2026-06-20 02:34:30.417386 1 test, 1 passed, 0 failed
2026-06-20 02:34:30.417556 ==============================================================================
2026-06-20 02:34:30.417600 Output:  I:\CAPSTONE\reports\pabot_results\15\output.xml
