2026-06-20 12:12:20.576268 ==============================================================================
2026-06-20 12:12:20.606659 Tests
2026-06-20 12:12:20.606716 ==============================================================================
2026-06-20 12:12:20.606758 Tests.Api
2026-06-20 12:12:20.608851 ==============================================================================
2026-06-20 12:12:20.985371 Tests.Api.TC-API-07
2026-06-20 12:12:21.032029 ==============================================================================
2026-06-20 12:12:21.032080 Loading environment
2026-06-20 12:12:21.034670 Fetching active accounts
2026-06-20 12:12:21.045492 Creating API session
2026-06-20 12:12:21.046678 Getting customer accounts
2026-06-20 12:12:21.728265 TC_API_07 :: Verify source account transaction history                Getting account transactions
2026-06-20 12:12:21.728265 I:\CAPSTONE\.venv\Lib\site-packages\urllib3\connectionpool.py:1110: InsecureRequestWarning: Unverified HTTPS request is being made to host 'parabank.parasoft.com'. Adding certificate verification is strongly advised. See: https://urllib3.readthedocs.io/en/latest/advanced-usage.html#tls-warnings
2026-06-20 12:12:21.758672   warnings.warn(
2026-06-20 12:12:22.160306 Checking response status
2026-06-20 12:12:22.160306 I:\CAPSTONE\.venv\Lib\site-packages\urllib3\connectionpool.py:1110: InsecureRequestWarning: Unverified HTTPS request is being made to host 'parabank.parasoft.com'. Adding certificate verification is strongly advised. See: https://urllib3.readthedocs.io/en/latest/advanced-usage.html#tls-warnings
2026-06-20 12:12:22.187881 Validating response
2026-06-20 12:12:22.187881   warnings.warn(
2026-06-20 12:12:22.189955 | PASS |
2026-06-20 12:12:22.192052 ------------------------------------------------------------------------------
2026-06-20 12:12:22.192092 Tests.Api.TC-API-07                                                   | PASS |
2026-06-20 12:12:22.196291 1 test, 1 passed, 0 failed
2026-06-20 12:12:22.196318 ==============================================================================
2026-06-20 12:12:22.196331 Tests.Api                                                             | PASS |
2026-06-20 12:12:22.196680 1 test, 1 passed, 0 failed
2026-06-20 12:12:22.196707 ==============================================================================
2026-06-20 12:12:22.196720 Tests                                                                 | PASS |
2026-06-20 12:12:22.197086 1 test, 1 passed, 0 failed
2026-06-20 12:12:22.197109 ==============================================================================
2026-06-20 12:12:22.197175 Output:  I:\CAPSTONE\reports\pabot_results\6\output.xml
