==============================================================================
Tests
==============================================================================
Tests.E2E
==============================================================================
Tests.E2E.TC-E2E-01
==============================================================================
Loading environment
Fetching active accounts
Creating API session
Getting customer accounts
TC-E2E-01 :: Verify E2E account creation and API validation           Opening application
Logging in
Opening account
Getting new account number
Verifying account details
Getting account details
Checking response status
Closing browser
| PASS |
------------------------------------------------------------------------------
Tests.E2E.TC-E2E-01                                                   | PASS |
1 test, 1 passed, 0 failed
==============================================================================
Tests.E2E                                                             | PASS |
1 test, 1 passed, 0 failed
==============================================================================
Tests                                                                 | PASS |
1 test, 1 passed, 0 failed
==============================================================================
Output:  I:\CAPSTONE\reports\pabot_results\11\output.xml
