2026-06-23 23:46:03.887424 ==============================================================================
2026-06-23 23:46:03.914677 Tests
2026-06-23 23:46:03.914772 ==============================================================================
2026-06-23 23:46:03.914850 Tests.E2E
2026-06-23 23:46:03.917341 ==============================================================================
2026-06-23 23:46:04.791704 Tests.E2E.TC-E2E-02
2026-06-23 23:46:04.804395 ==============================================================================
2026-06-23 23:46:04.804514 Loading environment
2026-06-23 23:46:04.809648 Fetching active accounts
2026-06-23 23:46:04.829916 Creating API session
2026-06-23 23:46:04.831788 Getting customer accounts
2026-06-23 23:46:05.398663 TC-E2E-02 :: Verify E2E funds transfer and API transaction history... Opening application
2026-06-23 23:46:05.398663 I:\CAPSTONE\.venv\Lib\site-packages\urllib3\connectionpool.py:1110: InsecureRequestWarning: Unverified HTTPS request is being made to host 'parabank.parasoft.com'. Adding certificate verification is strongly advised. See: https://urllib3.readthedocs.io/en/latest/advanced-usage.html#tls-warnings
2026-06-23 23:46:05.472246   warnings.warn(
2026-06-23 23:46:11.538351 Logging in
2026-06-23 23:46:15.921575 Entering amount
2026-06-23 23:46:17.112309 Selecting source account
2026-06-23 23:46:18.239545 Selecting destination account
2026-06-23 23:46:19.460381 Transferring funds
2026-06-23 23:46:21.588615 Validating response
2026-06-23 23:46:21.623882 Getting transactions
2026-06-23 23:46:21.657662 Getting account transactions
2026-06-23 23:46:21.938781 Checking response status
2026-06-23 23:46:21.938781 I:\CAPSTONE\.venv\Lib\site-packages\urllib3\connectionpool.py:1110: InsecureRequestWarning: Unverified HTTPS request is being made to host 'parabank.parasoft.com'. Adding certificate verification is strongly advised. See: https://urllib3.readthedocs.io/en/latest/advanced-usage.html#tls-warnings
2026-06-23 23:46:21.946640 Validating transaction history contains entry of transfer amount: 120
2026-06-23 23:46:21.946640   warnings.warn(
2026-06-23 23:46:21.952497 Closing browser
2026-06-23 23:46:24.324949 | PASS |
2026-06-23 23:46:24.360971 ------------------------------------------------------------------------------
2026-06-23 23:46:24.361006 Tests.E2E.TC-E2E-02                                                   | PASS |
2026-06-23 23:46:24.367919 1 test, 1 passed, 0 failed
2026-06-23 23:46:24.368008 ==============================================================================
2026-06-23 23:46:24.368127 Tests.E2E                                                             | PASS |
2026-06-23 23:46:24.369022 1 test, 1 passed, 0 failed
2026-06-23 23:46:24.369104 ==============================================================================
2026-06-23 23:46:24.369133 Tests                                                                 | PASS |
2026-06-23 23:46:24.369999 1 test, 1 passed, 0 failed
2026-06-23 23:46:24.370195 ==============================================================================
2026-06-23 23:46:24.370228 Output:  I:\CAPSTONE\reports\pabot_results\11\output.xml
