==============================================================================
Tests
==============================================================================
Tests.E2E
==============================================================================
Tests.E2E.TC-E2E-02
==============================================================================
Loading environment
Fetching active accounts
Creating API session
Getting customer accounts
TC-E2E-02 :: Verify E2E funds transfer and API transaction history... Opening application
Logging in
Entering amount
Selecting source account
Selecting destination account
Transferring funds
Validating response
Getting transactions
Getting account transactions
Checking response status
Validating transaction history contains entry of transfer amount: 120
Closing browser
| PASS |
------------------------------------------------------------------------------
Tests.E2E.TC-E2E-02                                                   | PASS |
1 test, 1 passed, 0 failed
==============================================================================
Tests.E2E                                                             | PASS |
1 test, 1 passed, 0 failed
==============================================================================
Tests                                                                 | PASS |
1 test, 1 passed, 0 failed
==============================================================================
Output:  I:\CAPSTONE\reports\pabot_results\12\output.xml
