2026-06-20 02:34:06.721812 ==============================================================================
2026-06-20 02:34:06.729135 Tests
2026-06-20 02:34:06.729240 ==============================================================================
2026-06-20 02:34:06.729467 Tests.E2E
2026-06-20 02:34:06.732954 ==============================================================================
2026-06-20 02:34:07.596938 Tests.E2E.TC-E2E-02
2026-06-20 02:34:07.622340 ==============================================================================
2026-06-20 02:34:07.622434 Loading environment
2026-06-20 02:34:07.627835 Fetching active accounts
2026-06-20 02:34:07.649509 Creating API session
2026-06-20 02:34:07.651447 Getting customer accounts
2026-06-20 02:34:08.032810 I:\CAPSTONE\.venv\Lib\site-packages\urllib3\connectionpool.py:1110: InsecureRequestWarning: Unverified HTTPS request is being made to host 'parabank.parasoft.com'. Adding certificate verification is strongly advised. See: https://urllib3.readthedocs.io/en/latest/advanced-usage.html#tls-warnings
2026-06-20 02:34:08.096236 TC-E2E-02 :: Verify E2E funds transfer and API transaction history... Opening application
2026-06-20 02:34:08.096236   warnings.warn(
2026-06-20 02:34:13.772786 Logging in
2026-06-20 02:34:17.557295 Entering amount
2026-06-20 02:34:18.713894 Selecting source account
2026-06-20 02:34:19.961002 Selecting destination account
2026-06-20 02:34:21.123422 Transferring funds
2026-06-20 02:34:23.259998 Validating response
2026-06-20 02:34:23.351827 Getting transactions
2026-06-20 02:34:23.367711 Getting account transactions
2026-06-20 02:34:23.614801 Checking response status
2026-06-20 02:34:23.614801 I:\CAPSTONE\.venv\Lib\site-packages\urllib3\connectionpool.py:1110: InsecureRequestWarning: Unverified HTTPS request is being made to host 'parabank.parasoft.com'. Adding certificate verification is strongly advised. See: https://urllib3.readthedocs.io/en/latest/advanced-usage.html#tls-warnings
2026-06-20 02:34:23.667676 Validating transaction history contains entry of transfer amount: 120
2026-06-20 02:34:23.667676   warnings.warn(
2026-06-20 02:34:23.678129 Closing browser
2026-06-20 02:34:26.355544 | PASS |
2026-06-20 02:34:26.361466 ------------------------------------------------------------------------------
2026-06-20 02:34:26.361527 Tests.E2E.TC-E2E-02                                                   | PASS |
2026-06-20 02:34:26.374181 1 test, 1 passed, 0 failed
2026-06-20 02:34:26.374235 ==============================================================================
2026-06-20 02:34:26.374277 Tests.E2E                                                             | PASS |
2026-06-20 02:34:26.375665 1 test, 1 passed, 0 failed
2026-06-20 02:34:26.375823 ==============================================================================
2026-06-20 02:34:26.375870 Tests                                                                 | PASS |
2026-06-20 02:34:26.376927 1 test, 1 passed, 0 failed
2026-06-20 02:34:26.377051 ==============================================================================
2026-06-20 02:34:26.377096 Output:  I:\CAPSTONE\reports\pabot_results\12\output.xml
