==============================================================================
Tests
==============================================================================
Tests.Api
==============================================================================
Tests.Api.TC-API-06
==============================================================================
Loading environment
Fetching active accounts
Creating API session
Getting customer accounts
TC_API_06 :: Verify destination account balance after transfer        Getting account details
Checking response status
Validating response
| PASS |
------------------------------------------------------------------------------
Tests.Api.TC-API-06                                                   | PASS |
1 test, 1 passed, 0 failed
==============================================================================
Tests.Api                                                             | PASS |
1 test, 1 passed, 0 failed
==============================================================================
Tests                                                                 | PASS |
1 test, 1 passed, 0 failed
==============================================================================
Output:  I:\CAPSTONE\reports\pabot_results\5\output.xml
