2026-06-23 23:46:00.169299 ==============================================================================
2026-06-23 23:46:00.193041 Tests
2026-06-23 23:46:00.193155 ==============================================================================
2026-06-23 23:46:00.193209 Tests.Api
2026-06-23 23:46:00.197128 ==============================================================================
2026-06-23 23:46:01.010007 Tests.Api.TC-API-06
2026-06-23 23:46:01.069203 ==============================================================================
2026-06-23 23:46:01.069260 Loading environment
2026-06-23 23:46:01.074094 Fetching active accounts
2026-06-23 23:46:01.104486 Creating API session
2026-06-23 23:46:01.106798 Getting customer accounts
2026-06-23 23:46:01.540276 I:\CAPSTONE\.venv\Lib\site-packages\urllib3\connectionpool.py:1110: InsecureRequestWarning: Unverified HTTPS request is being made to host 'parabank.parasoft.com'. Adding certificate verification is strongly advised. See: https://urllib3.readthedocs.io/en/latest/advanced-usage.html#tls-warnings
2026-06-23 23:46:01.602905 TC_API_06 :: Verify destination account balance after transfer        Getting account details
2026-06-23 23:46:01.602905   warnings.warn(
2026-06-23 23:46:01.854159 Checking response status
2026-06-23 23:46:01.854159 I:\CAPSTONE\.venv\Lib\site-packages\urllib3\connectionpool.py:1110: InsecureRequestWarning: Unverified HTTPS request is being made to host 'parabank.parasoft.com'. Adding certificate verification is strongly advised. See: https://urllib3.readthedocs.io/en/latest/advanced-usage.html#tls-warnings
2026-06-23 23:46:01.896936 Validating response
2026-06-23 23:46:01.896936   warnings.warn(
2026-06-23 23:46:01.900761 | PASS |
2026-06-23 23:46:01.903686 ------------------------------------------------------------------------------
2026-06-23 23:46:01.903768 Tests.Api.TC-API-06                                                   | PASS |
2026-06-23 23:46:01.923142 1 test, 1 passed, 0 failed
2026-06-23 23:46:01.923205 ==============================================================================
2026-06-23 23:46:01.923231 Tests.Api                                                             | PASS |
2026-06-23 23:46:01.923251 1 test, 1 passed, 0 failed
2026-06-23 23:46:01.923270 ==============================================================================
2026-06-23 23:46:01.923289 Tests                                                                 | PASS |
2026-06-23 23:46:01.923306 1 test, 1 passed, 0 failed
2026-06-23 23:46:01.923324 ==============================================================================
2026-06-23 23:46:01.923341 Output:  I:\CAPSTONE\reports\pabot_results\5\output.xml
