2026-06-20 02:34:44.405675 ==============================================================================
2026-06-20 02:34:44.462876 Tests
2026-06-20 02:34:44.463119 ==============================================================================
2026-06-20 02:34:44.463208 Tests.Ui
2026-06-20 02:34:44.468698 ==============================================================================
2026-06-20 02:34:45.408748 Tests.Ui.TC-TX-UI-02
2026-06-20 02:34:45.448728 ==============================================================================
2026-06-20 02:34:45.448833 Loading environment
2026-06-20 02:34:45.452625 Fetching active accounts
2026-06-20 02:34:45.474175 Creating API session
2026-06-20 02:34:45.476343 Getting customer accounts
2026-06-20 02:34:45.860716 I:\CAPSTONE\.venv\Lib\site-packages\urllib3\connectionpool.py:1110: InsecureRequestWarning: Unverified HTTPS request is being made to host 'parabank.parasoft.com'. Adding certificate verification is strongly advised. See: https://urllib3.readthedocs.io/en/latest/advanced-usage.html#tls-warnings
2026-06-20 02:34:45.922653 TC-TX-UI-02 :: Verify Zero amount funds transfer rejection            Opening application
2026-06-20 02:34:45.922653   warnings.warn(
2026-06-20 02:34:50.444862 Logging in
2026-06-20 02:34:55.429902 Entering Zero amount
2026-06-20 02:34:55.738550 Selecting source account
2026-06-20 02:34:55.939273 Selecting destination account
2026-06-20 02:34:56.107903 Transferring funds with zero amount
2026-06-20 02:35:00.265674 Validating response
2026-06-20 02:35:00.513946 Closing browser
2026-06-20 02:35:02.906926 | FAIL |
2026-06-20 02:35:02.951906 Page should not have contained text 'Transfer Complete!'.
2026-06-20 02:35:02.952004 ------------------------------------------------------------------------------
2026-06-20 02:35:02.952071 Tests.Ui.TC-TX-UI-02                                                  | FAIL |
2026-06-20 02:35:02.955816 1 test, 0 passed, 1 failed
2026-06-20 02:35:02.956433 ==============================================================================
2026-06-20 02:35:02.956480 Tests.Ui                                                              | FAIL |
2026-06-20 02:35:02.958817 1 test, 0 passed, 1 failed
2026-06-20 02:35:02.959010 ==============================================================================
2026-06-20 02:35:02.959054 Tests                                                                 | FAIL |
2026-06-20 02:35:02.960317 1 test, 0 passed, 1 failed
2026-06-20 02:35:02.960476 ==============================================================================
2026-06-20 02:35:02.960523 Output:  I:\CAPSTONE\reports\pabot_results\20\output.xml
