==============================================================================
Tests
==============================================================================
Tests.Api
==============================================================================
Tests.Api.TC-API-02
==============================================================================
Loading environment
Fetching active accounts
Creating API session
Getting customer accounts
Creating new account
Getting customer accounts
TC_API_02 :: Verify GET account details API                           Getting account details
Checking response status
Validating response
{'id': 13566, 'customerId': 12212, 'type': 'CHECKING', 'balance': 100.0}
| PASS |
------------------------------------------------------------------------------
Tests.Api.TC-API-02                                                   | PASS |
1 test, 1 passed, 0 failed
==============================================================================
Tests.Api                                                             | PASS |
1 test, 1 passed, 0 failed
==============================================================================
Tests                                                                 | PASS |
1 test, 1 passed, 0 failed
==============================================================================
Output:  I:\CAPSTONE\reports\pabot_results\1\output.xml
