2026-06-20 02:33:58.941309 ==============================================================================
2026-06-20 02:33:58.951567 Tests
2026-06-20 02:33:58.951695 ==============================================================================
2026-06-20 02:33:58.951780 Tests.Api
2026-06-20 02:33:58.954065 ==============================================================================
2026-06-20 02:33:59.769404 Tests.Api.TC-API-02
2026-06-20 02:33:59.821329 ==============================================================================
2026-06-20 02:33:59.821409 Loading environment
2026-06-20 02:33:59.824991 Fetching active accounts
2026-06-20 02:33:59.847444 Creating API session
2026-06-20 02:33:59.849471 Getting customer accounts
2026-06-20 02:34:00.904489 TC_API_02 :: Verify GET account details API                           Getting account details
2026-06-20 02:34:00.904489 I:\CAPSTONE\.venv\Lib\site-packages\urllib3\connectionpool.py:1110: InsecureRequestWarning: Unverified HTTPS request is being made to host 'parabank.parasoft.com'. Adding certificate verification is strongly advised. See: https://urllib3.readthedocs.io/en/latest/advanced-usage.html#tls-warnings
2026-06-20 02:34:00.961318   warnings.warn(
2026-06-20 02:34:01.197403 I:\CAPSTONE\.venv\Lib\site-packages\urllib3\connectionpool.py:1110: InsecureRequestWarning: Unverified HTTPS request is being made to host 'parabank.parasoft.com'. Adding certificate verification is strongly advised. See: https://urllib3.readthedocs.io/en/latest/advanced-usage.html#tls-warnings
2026-06-20 02:34:01.259304 Checking response status
2026-06-20 02:34:01.259304   warnings.warn(
2026-06-20 02:34:01.278187 Validating response
2026-06-20 02:34:01.282309 {'id': 12456, 'customerId': 12212, 'type': 'CHECKING', 'balance': 160.45}
2026-06-20 02:34:01.302960 | PASS |
2026-06-20 02:34:01.306727 ------------------------------------------------------------------------------
2026-06-20 02:34:01.337853 Tests.Api.TC-API-02                                                   | PASS |
2026-06-20 02:34:01.337955 1 test, 1 passed, 0 failed
2026-06-20 02:34:01.337992 ==============================================================================
2026-06-20 02:34:01.338024 Tests.Api                                                             | PASS |
2026-06-20 02:34:01.338053 1 test, 1 passed, 0 failed
2026-06-20 02:34:01.338081 ==============================================================================
2026-06-20 02:34:01.338113 Tests                                                                 | PASS |
2026-06-20 02:34:01.338142 1 test, 1 passed, 0 failed
2026-06-20 02:34:01.338233 ==============================================================================
2026-06-20 02:34:01.338326 Output:  I:\CAPSTONE\reports\pabot_results\1\output.xml
