==============================================================================
Tests
==============================================================================
Tests.Ui
==============================================================================
Tests.Ui.TC-TX-UI-04
==============================================================================
Loading environment
Fetching active accounts
Creating API session
Getting customer accounts
TC-TX-UI-04 :: Verify alphabetic amount funds transfer rejection      Opening application
Logging in
Entering amount
Selecting source account
Selecting destination account
Transferring funds with alphabetic amount
Validating response
Closing browser
| PASS |
------------------------------------------------------------------------------
Tests.Ui.TC-TX-UI-04                                                  | PASS |
1 test, 1 passed, 0 failed
==============================================================================
Tests.Ui                                                              | PASS |
1 test, 1 passed, 0 failed
==============================================================================
Tests                                                                 | PASS |
1 test, 1 passed, 0 failed
==============================================================================
Output:  I:\CAPSTONE\reports\pabot_results\22\output.xml
